0 0 r 2 0 1 
0 0 g 2 0 1 
0 0 b 2 0 1 
0 1 r 2 1 1 
0 1 g 2 0 2 
0 1 b 2 0 2 
0 2 r 2 0 2 
0 2 g 2 1 2 
0 2 b 2 0 3 
1 0 r 2 0 3 
1 0 g 2 0 3 
1 0 b 2 1 3 
1 2 r 2 0 4 
1 2 g 2 0 4 
1 2 b 2 0 4 
2 0 r 2 1 4 
2 0 g 2 0 5 
2 0 b 2 0 5 
2 1 r 2 0 5 
2 1 g 2 1 5 
2 1 b 2 0 6 
2 2 r 2 0 6 
2 2 g 2 0 6 
2 2 b 2 0 7 
0 3 r 2 0 7 
0 3 g 2 0 7 
0 3 b 2 1 7 
0 4 r 2 0 8 
0 4 g 2 0 8 
0 4 b 2 0 8 
0 5 r 2 1 8 
0 5 g 2 0 9 
0 5 b 2 0 9 
1 3 r 2 0 9 
1 3 g 2 1 9 
1 3 b 2 0 10 
1 5 r 2 0 10 
1 5 g 2 0 10 
1 5 b 2 1 10 
2 3 r 2 0 11 
2 3 g 2 0 11 
2 3 b 2 0 11 
2 4 r 2 1 11 
2 4 g 2 0 12 
2 4 b 2 0 12 
2 5 r 2 0 12 
2 5 g 2 0 13 
2 5 b 2 0 13 
0 6 r 2 0 13 
0 6 g 2 1 13 
0 6 b 2 0 14 
0 7 r 2 0 14 
0 7 g 2 0 14 
0 7 b 2 1 14 
0 8 r 2 0 15 
0 8 g 2 0 15 
0 8 b 2 0 15 
1 6 r 2 0 16 
1 6 g 2 0 16 
1 6 b 2 0 16 
1 8 r 2 1 16 
1 8 g 2 0 17 
1 8 b 2 0 17 
2 6 r 2 0 17 
2 6 g 2 1 17 
2 6 b 2 0 18 
2 7 r 2 0 18 
2 7 g 2 0 18 
2 7 b 2 1 18 
2 8 r 2 0 19 
2 8 g 2 0 19 
2 8 b 2 0 19 
0 9 r 2 1 19 
0 9 g 2 0 20 
0 9 b 2 0 20 
0 10 r 2 0 20 
0 10 g 2 1 20 
0 10 b 2 0 21 
0 11 r 2 0 21 
0 11 g 2 0 21 
0 11 b 2 1 21 
1 9 r 2 0 22 
1 9 g 2 0 22 
1 9 b 2 0 22 
1 11 r 2 1 22 
1 11 g 2 0 23 
1 11 b 2 0 23 
2 9 r 2 0 23 
2 9 g 2 1 23 
2 9 b 2 0 24 
2 10 r 2 0 24 
2 10 g 2 0 24 
2 10 b 2 1 24 
2 11 r 2 0 25 
2 11 g 2 0 25 
2 11 b 2 0 25 
0 12 r 2 0 26 
0 12 g 2 0 26 
0 12 b 2 0 26 
0 13 r 2 1 26 
0 13 g 2 0 27 
0 13 b 2 0 27 
0 14 r 2 0 27 
0 14 g 2 1 27 
0 14 b 2 0 28 
1 12 r 2 0 28 
1 12 g 2 0 28 
1 12 b 2 1 28 
1 14 r 2 0 29 
1 14 g 2 0 29 
1 14 b 2 0 29 
2 12 r 2 1 29 
2 12 g 2 0 30 
2 12 b 2 0 30 
2 13 r 2 0 30 
2 13 g 2 1 30 
2 13 b 2 0 31 
2 14 r 2 0 31 
2 14 g 2 0 31 
2 14 b 2 0 32 
0 15 r 2 0 32 
0 15 g 2 0 32 
0 15 b 2 1 32 
0 16 r 2 0 33 
0 16 g 2 0 33 
0 16 b 2 0 33 
0 17 r 2 1 33 
0 17 g 2 0 34 
0 17 b 2 0 34 
1 15 r 2 0 34 
1 15 g 2 1 34 
1 15 b 2 0 35 
1 17 r 2 0 35 
1 17 g 2 0 35 
1 17 b 2 1 35 
2 15 r 2 0 36 
2 15 g 2 0 36 
2 15 b 2 0 36 
2 16 r 2 1 36 
2 16 g 2 0 37 
2 16 b 2 0 37 
2 17 r 2 0 37 
2 17 g 2 0 38 
2 17 b 2 0 38 
0 18 r 2 0 38 
0 18 g 2 1 38 
0 18 b 2 0 39 
0 19 r 2 0 39 
0 19 g 2 0 39 
0 19 b 2 1 39 
0 20 r 2 0 40 
0 20 g 2 0 40 
0 20 b 2 0 40 
1 18 r 2 0 41 
1 18 g 2 0 41 
1 18 b 2 0 41 
1 20 r 2 1 41 
1 20 g 2 0 42 
1 20 b 2 0 42 
2 18 r 2 0 42 
2 18 g 2 1 42 
2 18 b 2 0 43 
2 19 r 2 0 43 
2 19 g 2 0 43 
2 19 b 2 1 43 
2 20 r 2 0 44 
2 20 g 2 0 44 
2 20 b 2 0 44 
0 21 r 2 1 44 
0 21 g 2 0 45 
0 21 b 2 0 45 
0 22 r 2 0 45 
0 22 g 2 1 45 
0 22 b 2 0 46 
0 23 r 2 0 46 
0 23 g 2 0 46 
0 23 b 2 1 46 
1 21 r 2 0 47 
1 21 g 2 0 47 
1 21 b 2 0 47 
1 23 r 2 1 47 
1 23 g 2 0 48 
1 23 b 2 0 48 
2 21 r 2 0 48 
2 21 g 2 1 48 
2 21 b 2 0 49 
2 22 r 2 0 49 
2 22 g 2 0 49 
2 22 b 2 1 49 
2 23 r 2 0 50 
2 23 g 2 0 50 
2 23 b 2 0 50 
0 24 r 3 0 51 
0 24 g 4 0 51 
0 24 b 2 0 52 
0 25 r 2 0 52 
0 25 g 2 0 52 
0 25 b 2 1 52 
0 26 r 4 0 53 
0 26 g 3 0 53 
0 26 b 3 0 54 
1 24 r 4 0 54 
1 24 g 3 0 55 
1 24 b 2 0 55 
1 26 r 4 2 55 
1 26 g 4 0 56 
1 26 b 3 1 56 
2 24 r 2 0 57 
2 24 g 3 0 57 
2 24 b 2 0 57 
2 25 r 3 0 58 
2 25 g 2 0 58 
2 25 b 2 0 58 
2 26 r 4 0 59 
2 26 g 4 1 59 
2 26 b 2 0 60 
0 27 r 4 0 60 
0 27 g 4 3 60 
0 27 b 4 0 61 
0 28 r 4 1 61 
0 28 g 2 0 62 
0 28 b 2 0 62 
0 29 r 2 0 62 
0 29 g 2 0 63 
0 29 b 2 0 63 
1 27 r 4 1 63 
1 27 g 4 0 64 
1 27 b 4 1 64 
1 29 r 2 0 65 
1 29 g 2 0 65 
1 29 b 3 1 65 
2 27 r 2 0 66 
2 27 g 4 0 66 
2 27 b 4 3 66 
2 28 r 2 0 67 
2 28 g 2 0 67 
2 28 b 2 0 67 
2 29 r 2 1 67 
2 29 g 2 0 68 
2 29 b 3 0 68 
0 30 r 3 1 68 
0 30 g 2 0 69 
0 30 b 2 0 69 
0 31 r 2 0 69 
0 31 g 2 1 69 
0 31 b 2 0 70 
0 32 r 3 0 70 
0 32 g 2 0 70 
0 32 b 2 0 71 
1 30 r 3 0 71 
1 30 g 2 0 71 
1 30 b 2 0 72 
1 32 r 4 0 72 
1 32 g 2 1 72 
1 32 b 2 0 73 
2 30 r 3 0 73 
2 30 g 3 1 73 
2 30 b 2 0 74 
2 31 r 2 0 74 
2 31 g 2 0 74 
2 31 b 2 1 74 
2 32 r 4 0 75 
2 32 g 2 0 75 
2 32 b 2 0 76 
0 33 r 2 0 76 
0 33 g 2 0 76 
0 33 b 2 1 76 
0 34 r 2 0 77 
0 34 g 2 0 77 
0 34 b 2 0 77 
0 35 r 2 1 77 
0 35 g 2 0 78 
0 35 b 2 0 78 
1 33 r 2 0 78 
1 33 g 2 1 78 
1 33 b 2 0 79 
1 35 r 2 0 79 
1 35 g 2 0 79 
1 35 b 2 1 79 
2 33 r 2 0 80 
2 33 g 2 0 80 
2 33 b 2 0 80 
2 34 r 2 1 80 
2 34 g 2 0 81 
2 34 b 2 0 81 
2 35 r 2 0 81 
2 35 g 2 0 82 
2 35 b 2 0 82 
0 36 r 4 1 82 
0 36 g 4 0 83 
0 36 b 3 0 83 
0 37 r 2 0 84 
0 37 g 2 0 84 
0 37 b 2 0 84 
0 38 r 4 3 84 
0 38 g 4 0 85 
0 38 b 2 0 85 
1 36 r 4 3 85 
1 36 g 4 0 86 
1 36 b 3 0 86 
1 38 r 4 0 87 
1 38 g 4 2 87 
1 38 b 2 0 88 
2 36 r 4 0 88 
2 36 g 4 3 88 
2 36 b 3 0 89 
2 37 r 2 0 89 
2 37 g 2 0 89 
2 37 b 2 0 90 
2 38 r 4 0 90 
2 38 g 4 0 91 
2 38 b 2 0 91 
0 39 r 2 1 91 
0 39 g 2 0 92 
0 39 b 3 0 92 
0 40 r 2 0 92 
0 40 g 2 0 93 
0 40 b 2 0 93 
0 41 r 2 0 93 
0 41 g 2 1 93 
0 41 b 2 0 94 
1 39 r 2 0 94 
1 39 g 2 0 94 
1 39 b 3 2 94 
1 41 r 2 0 95 
1 41 g 2 0 95 
1 41 b 2 0 95 
2 39 r 2 1 95 
2 39 g 2 0 96 
2 39 b 3 0 96 
2 40 r 2 0 96 
2 40 g 2 0 97 
2 40 b 2 0 97 
2 41 r 2 0 97 
2 41 g 2 1 97 
2 41 b 2 0 98 
0 42 r 4 0 98 
0 42 g 2 1 98 
0 42 b 2 0 99 
0 43 r 2 0 99 
0 43 g 2 0 99 
0 43 b 2 1 99 
0 44 r 2 0 100 
0 44 g 2 0 100 
0 44 b 2 0 100 
1 42 r 4 0 101 
1 42 g 2 0 101 
1 42 b 2 1 101 
1 44 r 2 0 102 
1 44 g 2 0 102 
1 44 b 2 0 102 
2 42 r 2 1 102 
2 42 g 2 0 103 
2 42 b 2 0 103 
2 43 r 2 0 103 
2 43 g 2 1 103 
2 43 b 2 0 104 
2 44 r 2 0 104 
2 44 g 2 0 104 
2 44 b 2 1 104 
0 45 r 4 0 105 
0 45 g 4 1 105 
0 45 b 4 0 106 
0 46 r 2 0 106 
0 46 g 2 0 107 
0 46 b 2 0 107 
0 47 r 4 1 107 
0 47 g 3 0 108 
0 47 b 3 0 108 
1 45 r 4 3 108 
1 45 g 4 0 109 
1 45 b 4 1 109 
1 47 r 4 0 110 
1 47 g 3 0 110 
1 47 b 3 0 111 
2 45 r 4 0 111 
2 45 g 4 0 112 
2 45 b 4 2 112 
2 46 r 2 0 113 
2 46 g 2 0 113 
2 46 b 2 0 113 
2 47 r 4 3 113 
2 47 g 3 0 114 
2 47 b 3 0 114 
0 48 r 2 1 114 
0 48 g 4 0 115 
0 48 b 2 0 115 
0 49 r 2 0 116 
0 49 g 2 0 116 
0 49 b 2 0 116 
0 50 r 3 2 116 
0 50 g 3 0 117 
0 50 b 2 0 117 
1 48 r 2 0 117 
1 48 g 4 0 118 
1 48 b 2 0 118 
1 50 r 3 2 118 
1 50 g 3 0 119 
1 50 b 2 0 119 
2 48 r 2 0 119 
2 48 g 4 0 120 
2 48 b 2 0 120 
2 49 r 2 1 120 
2 49 g 2 0 121 
2 49 b 2 0 121 
2 50 r 3 0 121 
2 50 g 3 0 122 
2 50 b 2 0 122 
0 51 r 2 0 122 
0 51 g 3 0 123 
0 51 b 2 0 123 
0 52 r 2 0 123 
0 52 g 2 0 124 
0 52 b 2 0 124 
0 53 r 2 0 124 
0 53 g 3 2 124 
0 53 b 2 0 125 
1 51 r 2 0 125 
1 51 g 3 1 125 
1 51 b 2 0 126 
1 53 r 2 0 126 
1 53 g 3 0 126 
1 53 b 2 0 127 
2 51 r 2 0 127 
2 51 g 3 0 127 
2 51 b 2 0 128 
2 52 r 2 0 128 
2 52 g 2 0 128 
2 52 b 2 1 128 
2 53 r 2 0 129 
2 53 g 3 0 129 
2 53 b 2 0 129 
0 54 r 4 0 130 
0 54 g 4 1 130 
0 54 b 4 0 131 
0 55 r 2 0 131 
0 55 g 2 0 132 
0 55 b 2 0 132 
0 56 r 4 1 132 
0 56 g 4 0 133 
0 56 b 4 1 133 
1 54 r 4 0 134 
1 54 g 4 1 134 
1 54 b 4 0 135 
1 56 r 4 1 135 
1 56 g 4 0 136 
1 56 b 4 1 136 
2 54 r 4 0 137 
2 54 g 4 2 137 
2 54 b 4 0 138 
2 55 r 2 0 138 
2 55 g 2 1 138 
2 55 b 2 0 139 
2 56 r 4 0 139 
2 56 g 4 3 139 
2 56 b 4 0 140 
0 57 r 2 0 140 
0 57 g 4 0 141 
0 57 b 3 0 141 
0 58 r 2 0 142 
0 58 g 2 0 142 
0 58 b 2 0 142 
0 59 r 2 1 142 
0 59 g 2 0 143 
0 59 b 2 0 143 
1 57 r 2 0 143 
1 57 g 2 1 143 
1 57 b 2 0 144 
1 59 r 2 0 144 
1 59 g 2 0 144 
1 59 b 2 1 144 
2 57 r 3 0 145 
2 57 g 3 0 145 
2 57 b 3 2 145 
2 58 r 3 0 146 
2 58 g 2 0 146 
2 58 b 2 0 146 
2 59 r 3 0 147 
2 59 g 2 0 147 
2 59 b 2 0 147 
0 60 r 2 0 148 
0 60 g 2 0 148 
0 60 b 2 0 148 
0 61 r 2 1 148 
0 61 g 2 0 149 
0 61 b 2 0 149 
0 62 r 2 0 149 
0 62 g 2 1 149 
